Arguments: 
  /Users/esmaeilmirzaee/.nvm/versions/node/v14.16.1/bin/node /Users/esmaeilmirzaee/.nvm/versions/node/v14.16.1/bin/yarn add express

PATH: 
  /Users/esmaeilmirzaee/.nvm/versions/node/v14.16.1/bin:/Users/esmaeilmirzaee/.deno/bin/:/Users/esmaeilmirzaee/.npm/bin/:/Users/esmaeilmirzaee/.yarn/bin/:/Users/esmaeilmirzaee/.cargo/bin/:/usr/local/dev/rar/:/usr/local/bin:/usr/bin:/bin:/usr/sbin:/sbin:/Library/Apple/usr/bin:/usr/local/go/bin

Yarn version: 
  1.22.10

Node version: 
  14.16.1

Platform: 
  darwin x64

Trace: 
  SyntaxError: /Volumes/TheBeaver-32G/code/dev/xper/back/js/express-erik/package.json: Unexpected string in JSON at position 93
      at JSON.parse (<anonymous>)
      at /Users/esmaeilmirzaee/.nvm/versions/node/v14.16.1/lib/node_modules/yarn/lib/cli.js:1625:59
      at Generator.next (<anonymous>)
      at step (/Users/esmaeilmirzaee/.nvm/versions/node/v14.16.1/lib/node_modules/yarn/lib/cli.js:310:30)
      at /Users/esmaeilmirzaee/.nvm/versions/node/v14.16.1/lib/node_modules/yarn/lib/cli.js:321:13

npm manifest: 
  {
    "name": "express-erik",
    "version": "1.0.0",
    "main": "index.js",
    "license": "MIT"
    "scripts": {
  	"start": "node index.js"
    }
  }

yarn manifest: 
  No manifest

Lockfile: 
  No lockfile
